2026-01-29 18:07:48,795 | INFO | Reading CSV: .\cars.csv
2026-01-29 18:07:48,796 | ERROR | Training failed: [Errno 2] No such file or directory: '.\\cars.csv'
2026-01-29 18:07:48,797 | ERROR | Traceback (most recent call last):
  File "D:\Documents\DSS\train.py", line 130, in train
    df = pd.read_csv(
        cars_csv,
    ...<3 lines>...
        dtype=dtype_map,
    )
  File "D:\Documents\DSS\.venv\Lib\site-packages\pandas\io\parsers\readers.py", line 873, in read_csv
    return _read(filepath_or_buffer, kwds)
  File "D:\Documents\DSS\.venv\Lib\site-packages\pandas\io\parsers\readers.py", line 300, in _read
    parser = TextFileReader(filepath_or_buffer, **kwds)
  File "D:\Documents\DSS\.venv\Lib\site-packages\pandas\io\parsers\readers.py", line 1645, in __init__
    self._engine = self._make_engine(f, self.engine)
                   ~~~~~~~~~~~~~~~~~^^^^^^^^^^^^^^^^
  File "D:\Documents\DSS\.venv\Lib\site-packages\pandas\io\parsers\readers.py", line 1904, in _make_engine
    self.handles = get_handle(
                   ~~~~~~~~~~^
        f,
        ^^
    ...<6 lines>...
        storage_options=self.options.get("storage_options", None),
        ^^^^^^^^^^^^^^^^^^^^^^^^^^^^^^^^^^^^^^^^^^^^^^^^^^^^^^^^^^
    )
    ^
  File "D:\Documents\DSS\.venv\Lib\site-packages\pandas\io\common.py", line 926, in get_handle
    handle = open(
        handle,
    ...<3 lines>...
        newline="",
    )
FileNotFoundError: [Errno 2] No such file or directory: '.\\cars.csv'

